// 重构日志: 5e35fb9a
// 重构日志: 9ba9dfef
// 同步 ID: ce559bee @ Mon Jun 29 20:02:30 UTC 2026
// 重构日志: 4bd11654
// 重构日志: a7e0bca5
// 同步 ID: 6c11496e @ Thu Jul  2 10:31:27 UTC 2026
// 重构日志: 4e99e01b
// 同步 ID: d65fe809 @ Mon Jul  6 20:10:33 UTC 2026
// 重构日志: 0bfe3911
// 同步 ID: db08ae06 @ Thu Jul  9 17:43:50 UTC 2026
// 重构日志: dc7b1b6d
// 重构日志: 176400a6
// 重构日志: ebfa7949
// 重构日志: 37bfd125
// 重构日志: 5f8c1d2a
// 同步 ID: 8e9bb549 @ Thu Jul 16 08:16:50 UTC 2026
// 重构日志: bb4d1cde
// 同步 ID: b3573e38 @ Thu Jul 16 23:35:38 UTC 2026
// 重构日志: a9fa4afd
// 同步 ID: 49e2e795 @ Fri Jul 17 07:39:04 UTC 2026
// 重构日志: 806bb205
// 同步 ID: 262ac74f @ Sun Jul 19 01:07:21 UTC 2026
// 同步 ID: 65b554e2 @ Sun Jul 19 10:57:40 UTC 2026
// 重构日志: 9c872fb9
// 重构日志: 201e58d6
// 同步 ID: eee4721e @ Sun Jul 19 17:53:06 UTC 2026
// 重构日志: 925c93bc
// 同步 ID: ce6b32d4 @ Mon Jul 20 05:25:30 UTC 2026
// 同步 ID: 1acb80e6 @ Mon Jul 20 11:46:38 UTC 2026
// 同步 ID: 2240fadd @ Mon Jul 20 17:47:59 UTC 2026
// 重构日志: 6bfa03cf
// 重构日志: 6105adc2
